{"message":"shutting down","level":"info"}
{"message":"shutting down","level":"info"}
{"message":"shutting down","level":"info"}
{"message":"wew","level":"info"}
{"message":"shutting down","level":"info"}
{"message":"listening on port {PORT}","level":"info"}
{"message":"shutting down","level":"info"}
{"message":"listening on port {PORT}","level":"info"}
{"message":"shutting down","level":"info"}
{"message":"listening on port {PORT}","level":"info"}
{"message":"shutting down","level":"info"}
{"message":"listening on port {PORT}","level":"info"}
{"message":"shutting down","level":"info"}
{"message":"listening on port 8080","level":"info"}
{"message":"shutting down","level":"info"}
{"message":"listening on port :8080","level":"info"}
{"message":"shutting down","level":"info"}
{"message":"listening on port :8080","level":"info"}
{"message":"shutting down","level":"info"}
{"message":"listening on port :8080","level":"info"}
{"message":"shutting down","level":"info"}
{"message":"listening on port :8080","level":"info"}
{"message":"shutting down","level":"info"}
{"message":"listening on port :8080","level":"info"}
{"message":"shutting down","level":"info"}
{"message":"listening on port :8080","level":"info"}
{"message":"shutting down","level":"info"}
{"message":"listening on port :8080","level":"info"}
{"message":"shutting down","level":"info"}
{"message":"listening on port :8080","level":"info"}
{"message":"shutting down","level":"info"}
{"message":"listening on port :8080","level":"info"}
{"message":"shutting down","level":"info"}
{"message":"listening on port :8080","level":"info"}
{"message":"shutting down","level":"info"}
{"message":"listening on port :8080","level":"info"}
{"message":"shutting down","level":"info"}
{"message":"listening on port :8080","level":"info"}
{"message":"shutting down","level":"info"}
{"message":"listening on port :8080","level":"info"}
{"message":"shutting down","level":"info"}
{"message":"listening on port :8080","level":"info"}
{"message":"shutting down","level":"info"}
{"message":"listening on port :8080","level":"info"}
{"message":"shutting down","level":"info"}
{"message":"listening on port :8080","level":"info"}
{"message":"shutting down","level":"info"}
{"message":"listening on port :8080","level":"info"}
{"message":"shutting down","level":"info"}
{"message":"listening on port :8080","level":"info"}
{"message":"shutting down","level":"info"}
{"message":"listening on port :8080","level":"info"}
{"message":"shutting down","level":"info"}
{"message":"listening on port :8080","level":"info"}
{"message":"shutting down","level":"info"}
{"message":"listening on port :8080","level":"info"}
{"message":"shutting down","level":"info"}
{"message":"listening on port :8080","level":"info"}
{"message":"shutting down","level":"info"}
{"message":"listening on port :8080","level":"info"}
{"message":"shutting down","level":"info"}
{"message":"listening on port :8080","level":"info"}
{"message":"shutting down","level":"info"}
{"message":"listening on port :8080","level":"info"}
{"message":"shutting down","level":"info"}
{"message":"listening on port :8080","level":"info"}
{"message":"shutting down","level":"info"}
{"message":"listening on port :8080","level":"info"}
{"message":"shutting down","level":"info"}
{"message":"listening on port :8080","level":"info"}
{"message":"shutting down","level":"info"}
{"message":"listening on port :8080","level":"info"}
{"message":"shutting down","level":"info"}
{"message":"listening on port :8080","level":"info"}
{"message":"shutting down","level":"info"}
{"message":"listening on port :8080","level":"info"}
{"message":"shutting down","level":"info"}
{"message":"listening on port :8080","level":"info"}
{"message":"shutting down","level":"info"}
{"message":"listening on port :8080","level":"info"}
{"message":"shutting down","level":"info"}
{"message":"listening on port :8080","level":"info"}
{"message":"shutting down","level":"info"}
{"message":"listening on port :8080","level":"info"}
{"message":"shutting down","level":"info"}
{"message":"listening on port :8080","level":"info"}
{"message":"shutting down","level":"info"}
{"message":"listening on port :8080","level":"info"}
{"message":"shutting down","level":"info"}
{"message":"listening on port :8080","level":"info"}
{"message":"shutting down","level":"info"}
{"message":"listening on port :8080","level":"info"}
{"message":"shutting down","level":"info"}
{"message":"listening on port :8080","level":"info"}
{"message":"shutting down","level":"info"}
